
up to date, audited 125 packages in 640ms

20 packages are looking for funding
  run `npm fund` for details

found 0 vulnerabilities

> tictactoe-multiplayer@1.0.0 test
> node --test

TAP version 13
# Subtest: handleAuthUser
    # Subtest: should create new user and session (file-based)
    ok 1 - should create new user and session (file-based)
      ---
      duration_ms: 2.861595
      type: 'test'
      ...
    1..1
ok 1 - handleAuthUser
  ---
  duration_ms: 3.892284
  type: 'test'
  ...
# [dotenv@17.3.1] injecting env (0) from .env -- tip: ⚙️  load multiple .env files with { path: ['.env.local', '.env'] }
# Subtest: Cleanup Logic correctly removes expired items
ok 2 - Cleanup Logic correctly removes expired items
  ---
  duration_ms: 496.827479
  type: 'test'
  ...
